{"name": "Клик по кнопке показать/скрыть пароль делает поле активным — подсвечивает его", "status": "broken", "statusDetails": {"message": "selenium.common.exceptions.NoSuchElementException: Message: no such element: Unable to locate element: {\"method\":\"xpath\",\"selector\":\"//div[contains(@class, 'input_status_active')]\"}\n  (Session info: chrome=130.0.6723.58); For documentation on this error, please visit: https://www.selenium.dev/documentation/webdriver/troubleshooting/errors#no-such-element-exception\nStacktrace:\n\tGetHandleVerifier [0x00007FF6A4DFE1F5+2972373]\n\t(No symbol) [0x00007FF6A4A955F0]\n\t(No symbol) [0x00007FF6A49357FA]\n\t(No symbol) [0x00007FF6A4985A3E]\n\t(No symbol) [0x00007FF6A4985D2C]\n\t(No symbol) [0x00007FF6A49CEAB7]\n\t(No symbol) [0x00007FF6A49ABABF]\n\t(No symbol) [0x00007FF6A49CB8CC]\n\t(No symbol) [0x00007FF6A49AB823]\n\t(No symbol) [0x00007FF6A49775E8]\n\t(No symbol) [0x00007FF6A4978751]\n\tGetHandleVerifier [0x00007FF6A4E247BD+3129501]\n\tGetHandleVerifier [0x00007FF6A4E74D00+3458528]\n\tGetHandleVerifier [0x00007FF6A4E6B05D+3418429]\n\tGetHandleVerifier [0x00007FF6A4BF687B+844123]\n\t(No symbol) [0x00007FF6A4AA0AFF]\n\t(No symbol) [0x00007FF6A4A9C6D4]\n\t(No symbol) [0x00007FF6A4A9C86D]\n\t(No symbol) [0x00007FF6A4A8BD79]\n\tBaseThreadInitThunk [0x00007FFB53117374+20]\n\tRtlUserThreadStart [0x00007FFB5361CC91+33]", "trace": "self = <password_recovery_test.TestPasswordRecovery object at 0x000001E77687F4D0>, password_recovery = <page_objects.password_recovery_page.PasswordRecoveryPage object at 0x000001E776F1A930>\ndriver = <selenium.webdriver.chrome.webdriver.WebDriver (session=\"b17f9631582112f0b43236b2fc14dcbd\")>\n\n    @allure.title(\"Клик по кнопке показать/скрыть пароль делает поле активным — подсвечивает его\")\n    @allure.description(\"Проверяем что после клика по иконке глаза инпут пароля подсвечивается\")\n    def test_tap_pass_visible_button(self, password_recovery, driver):\n    \n        password_recovery.go_to_personal_account()\n        password_recovery.tap_and_wait_recovery_button()\n        password_recovery.input_email_and_push_recovery_btn(driver)\n        password_recovery.find_pass_input_and_enter_pass()\n    \n>       assert password_recovery.click_on_eye_icon()\n\ntests\\password_recovery_test.py:30: \n_ _ _ _ _ _ _ _ _ _ _ _ _ _ _ _ _ _ _ _ _ _ _ _ _ _ _ _ _ _ _ _ _ _ _ _ _ _ _ _ _ _ _ _ _ _ _ _ _ _ _ _ _ _ _ _ _ _ _ _ _ _ _ _ _ _ _ _ _ _ _ _ _ _ _ _ _ _ _ _ _ _ _ _ _ _ _ _ _ _ _ _ _ _ _ _ _ _ _ _ _ _ _ _ _ _ _ _ _ _ _ _ _ _\npage_objects\\password_recovery_page.py:44: in click_on_eye_icon\n    return self.find_element(lk.VISIBLE_PASS_INPUT)\npage_objects\\base_page.py:14: in find_element\n    return self.driver.find_element(*locator)\n..\\pythonProject\\.venv\\Lib\\site-packages\\selenium\\webdriver\\remote\\webdriver.py:741: in find_element\n    return self.execute(Command.FIND_ELEMENT, {\"using\": by, \"value\": value})[\"value\"]\n..\\pythonProject\\.venv\\Lib\\site-packages\\selenium\\webdriver\\remote\\webdriver.py:347: in execute\n    self.error_handler.check_response(response)\n_ _ _ _ _ _ _ _ _ _ _ _ _ _ _ _ _ _ _ _ _ _ _ _ _ _ _ _ _ _ _ _ _ _ _ _ _ _ _ _ _ _ _ _ _ _ _ _ _ _ _ _ _ _ _ _ _ _ _ _ _ _ _ _ _ _ _ _ _ _ _ _ _ _ _ _ _ _ _ _ _ _ _ _ _ _ _ _ _ _ _ _ _ _ _ _ _ _ _ _ _ _ _ _ _ _ _ _ _ _ _ _ _ _\n\nself = <selenium.webdriver.remote.errorhandler.ErrorHandler object at 0x000001E776F19430>\nresponse = {'status': 404, 'value': '{\"value\":{\"error\":\"no such element\",\"message\":\"no such element: Unable to locate element: {\\...07FF6A4A8BD79]\\\\n\\\\tBaseThreadInitThunk [0x00007FFB53117374+20]\\\\n\\\\tRtlUserThreadStart [0x00007FFB5361CC91+33]\\\\n\"}}'}\n\n    def check_response(self, response: Dict[str, Any]) -> None:\n        \"\"\"Checks that a JSON response from the WebDriver does not have an\n        error.\n    \n        :Args:\n         - response - The JSON response from the WebDriver server as a dictionary\n           object.\n    \n        :Raises: If the response contains an error message.\n        \"\"\"\n        status = response.get(\"status\", None)\n        if not status or status == ErrorCode.SUCCESS:\n            return\n        value = None\n        message = response.get(\"message\", \"\")\n        screen: str = response.get(\"screen\", \"\")\n        stacktrace = None\n        if isinstance(status, int):\n            value_json = response.get(\"value\", None)\n            if value_json and isinstance(value_json, str):\n                import json\n    \n                try:\n                    value = json.loads(value_json)\n                    if len(value) == 1:\n                        value = value[\"value\"]\n                    status = value.get(\"error\", None)\n                    if not status:\n                        status = value.get(\"status\", ErrorCode.UNKNOWN_ERROR)\n                        message = value.get(\"value\") or value.get(\"message\")\n                        if not isinstance(message, str):\n                            value = message\n                            message = message.get(\"message\")\n                    else:\n                        message = value.get(\"message\", None)\n                except ValueError:\n                    pass\n    \n        exception_class: Type[WebDriverException]\n        e = ErrorCode()\n        error_codes = [item for item in dir(e) if not item.startswith(\"__\")]\n        for error_code in error_codes:\n            error_info = getattr(ErrorCode, error_code)\n            if isinstance(error_info, list) and status in error_info:\n                exception_class = getattr(ExceptionMapping, error_code, WebDriverException)\n                break\n        else:\n            exception_class = WebDriverException\n    \n        if not value:\n            value = response[\"value\"]\n        if isinstance(value, str):\n            raise exception_class(value)\n        if message == \"\" and \"message\" in value:\n            message = value[\"message\"]\n    \n        screen = None  # type: ignore[assignment]\n        if \"screen\" in value:\n            screen = value[\"screen\"]\n    \n        stacktrace = None\n        st_value = value.get(\"stackTrace\") or value.get(\"stacktrace\")\n        if st_value:\n            if isinstance(st_value, str):\n                stacktrace = st_value.split(\"\\n\")\n            else:\n                stacktrace = []\n                try:\n                    for frame in st_value:\n                        line = frame.get(\"lineNumber\", \"\")\n                        file = frame.get(\"fileName\", \"<anonymous>\")\n                        if line:\n                            file = f\"{file}:{line}\"\n                        meth = frame.get(\"methodName\", \"<anonymous>\")\n                        if \"className\" in frame:\n                            meth = f\"{frame['className']}.{meth}\"\n                        msg = \"    at %s (%s)\"\n                        msg = msg % (meth, file)\n                        stacktrace.append(msg)\n                except TypeError:\n                    pass\n        if exception_class == UnexpectedAlertPresentException:\n            alert_text = None\n            if \"data\" in value:\n                alert_text = value[\"data\"].get(\"text\")\n            elif \"alert\" in value:\n                alert_text = value[\"alert\"].get(\"text\")\n            raise exception_class(message, screen, stacktrace, alert_text)  # type: ignore[call-arg]  # mypy is not smart enough here\n>       raise exception_class(message, screen, stacktrace)\nE       selenium.common.exceptions.NoSuchElementException: Message: no such element: Unable to locate element: {\"method\":\"xpath\",\"selector\":\"//div[contains(@class, 'input_status_active')]\"}\nE         (Session info: chrome=130.0.6723.58); For documentation on this error, please visit: https://www.selenium.dev/documentation/webdriver/troubleshooting/errors#no-such-element-exception\nE       Stacktrace:\nE       \tGetHandleVerifier [0x00007FF6A4DFE1F5+2972373]\nE       \t(No symbol) [0x00007FF6A4A955F0]\nE       \t(No symbol) [0x00007FF6A49357FA]\nE       \t(No symbol) [0x00007FF6A4985A3E]\nE       \t(No symbol) [0x00007FF6A4985D2C]\nE       \t(No symbol) [0x00007FF6A49CEAB7]\nE       \t(No symbol) [0x00007FF6A49ABABF]\nE       \t(No symbol) [0x00007FF6A49CB8CC]\nE       \t(No symbol) [0x00007FF6A49AB823]\nE       \t(No symbol) [0x00007FF6A49775E8]\nE       \t(No symbol) [0x00007FF6A4978751]\nE       \tGetHandleVerifier [0x00007FF6A4E247BD+3129501]\nE       \tGetHandleVerifier [0x00007FF6A4E74D00+3458528]\nE       \tGetHandleVerifier [0x00007FF6A4E6B05D+3418429]\nE       \tGetHandleVerifier [0x00007FF6A4BF687B+844123]\nE       \t(No symbol) [0x00007FF6A4AA0AFF]\nE       \t(No symbol) [0x00007FF6A4A9C6D4]\nE       \t(No symbol) [0x00007FF6A4A9C86D]\nE       \t(No symbol) [0x00007FF6A4A8BD79]\nE       \tBaseThreadInitThunk [0x00007FFB53117374+20]\nE       \tRtlUserThreadStart [0x00007FFB5361CC91+33]\n\n..\\pythonProject\\.venv\\Lib\\site-packages\\selenium\\webdriver\\remote\\errorhandler.py:229: NoSuchElementException"}, "description": "Проверяем что после клика по иконке глаза инпут пароля подсвечивается", "steps": [{"name": "Ждем появление элемента", "status": "passed", "parameters": [{"name": "locator", "value": "('xpath', './/a[@class=\"AppHeader_header__link__3D_hX\"]/p[text() =\"Личный Кабинет\"]')"}], "start": 1729188045168, "stop": 1729188045181}, {"name": "Нажимаем на элемент", "status": "passed", "steps": [{"name": "Ищем элемент", "status": "passed", "parameters": [{"name": "locator", "value": "('xpath', './/a[@class=\"AppHeader_header__link__3D_hX\"]/p[text() =\"Личный Кабинет\"]')"}], "start": 1729188045181, "stop": 1729188045184}], "parameters": [{"name": "locator", "value": "('xpath', './/a[@class=\"AppHeader_header__link__3D_hX\"]/p[text() =\"Личный Кабинет\"]')"}], "start": 1729188045181, "stop": 1729188046047}, {"name": "Ждем появление элемента", "status": "passed", "parameters": [{"name": "locator", "value": "('xpath', '//a[@class=\"Auth_link__1fOlj\" and text()=\"Восстановить пароль\"]')"}], "start": 1729188046047, "stop": 1729188046060}, {"name": "Нажимаем на элемент", "status": "passed", "steps": [{"name": "Ищем элемент", "status": "passed", "parameters": [{"name": "locator", "value": "('xpath', '//a[@class=\"Auth_link__1fOlj\" and text()=\"Восстановить пароль\"]')"}], "start": 1729188046060, "stop": 1729188046064}], "parameters": [{"name": "locator", "value": "('xpath', '//a[@class=\"Auth_link__1fOlj\" and text()=\"Восстановить пароль\"]')"}], "start": 1729188046060, "stop": 1729188046085}, {"name": "Ищем элемент", "status": "passed", "parameters": [{"name": "locator", "value": "('xpath', '//h2[text()=\"Восстановление пароля\" ]')"}], "start": 1729188046085, "stop": 1729188046095}, {"name": "Ждем появление элемента", "status": "passed", "parameters": [{"name": "locator", "value": "('xpath', \"//label[text()='Email']/../input\")"}], "start": 1729188046095, "stop": 1729188046105}, {"name": "Нажимаем на элемент", "status": "passed", "steps": [{"name": "Ищем элемент", "status": "passed", "parameters": [{"name": "locator", "value": "('xpath', \"//label[text()='Email']/../input\")"}], "start": 1729188046105, "stop": 1729188046109}], "parameters": [{"name": "locator", "value": "('xpath', \"//label[text()='Email']/../input\")"}], "start": 1729188046105, "stop": 1729188046132}, {"name": "Вводим символы/текст", "status": "passed", "steps": [{"name": "Ищем элемент", "status": "passed", "parameters": [{"name": "locator", "value": "('xpath', \"//label[text()='Email']/../input\")"}], "start": 1729188046132, "stop": 1729188046136}], "parameters": [{"name": "locator", "value": "('xpath', \"//label[text()='Email']/../input\")"}, {"name": "text", "value": "'sewfes@yandex.ru'"}], "start": 1729188046132, "stop": 1729188046161}, {"name": "Нажимаем на элемент", "status": "passed", "steps": [{"name": "Ищем элемент", "status": "passed", "parameters": [{"name": "locator", "value": "('xpath', \"//button[text()='Восстановить']\")"}], "start": 1729188046161, "stop": 1729188046168}], "parameters": [{"name": "locator", "value": "('xpath', \"//button[text()='Восстановить']\")"}], "start": 1729188046161, "stop": 1729188046188}, {"name": "Ждем появление элемента", "status": "passed", "parameters": [{"name": "locator", "value": "('xpath', \"//input[@type='password']\")"}], "start": 1729188046188, "stop": 1729188046703}, {"name": "Ищем элемент", "status": "passed", "parameters": [{"name": "locator", "value": "('xpath', \"//input[@type='password']\")"}], "start": 1729188046704, "stop": 1729188046707}, {"name": "Ждем появление элемента", "status": "passed", "parameters": [{"name": "locator", "value": "('xpath', \"//input[@type='password']\")"}], "start": 1729188046707, "stop": 1729188046713}, {"name": "Вводим символы/текст", "status": "passed", "steps": [{"name": "Ищем элемент", "status": "passed", "parameters": [{"name": "locator", "value": "('xpath', \"//input[@type='password']\")"}], "start": 1729188046713, "stop": 1729188046717}], "parameters": [{"name": "locator", "value": "('xpath', \"//input[@type='password']\")"}, {"name": "text", "value": "'tijrrfhhhl'"}], "start": 1729188046713, "stop": 1729188046748}, {"name": "Тапаем на иконку глаза рядом с инпутом пароля, чтобы сделать его видимым", "status": "broken", "statusDetails": {"message": "selenium.common.exceptions.NoSuchElementException: Message: no such element: Unable to locate element: {\"method\":\"xpath\",\"selector\":\"//div[contains(@class, 'input_status_active')]\"}\n  (Session info: chrome=130.0.6723.58); For documentation on this error, please visit: https://www.selenium.dev/documentation/webdriver/troubleshooting/errors#no-such-element-exception\nStacktrace:\n\tGetHandleVerifier [0x00007FF6A4DFE1F5+2972373]\n\t(No symbol) [0x00007FF6A4A955F0]\n\t(No symbol) [0x00007FF6A49357FA]\n\t(No symbol) [0x00007FF6A4985A3E]\n\t(No symbol) [0x00007FF6A4985D2C]\n\t(No symbol) [0x00007FF6A49CEAB7]\n\t(No symbol) [0x00007FF6A49ABABF]\n\t(No symbol) [0x00007FF6A49CB8CC]\n\t(No symbol) [0x00007FF6A49AB823]\n\t(No symbol) [0x00007FF6A49775E8]\n\t(No symbol) [0x00007FF6A4978751]\n\tGetHandleVerifier [0x00007FF6A4E247BD+3129501]\n\tGetHandleVerifier [0x00007FF6A4E74D00+3458528]\n\tGetHandleVerifier [0x00007FF6A4E6B05D+3418429]\n\tGetHandleVerifier [0x00007FF6A4BF687B+844123]\n\t(No symbol) [0x00007FF6A4AA0AFF]\n\t(No symbol) [0x00007FF6A4A9C6D4]\n\t(No symbol) [0x00007FF6A4A9C86D]\n\t(No symbol) [0x00007FF6A4A8BD79]\n\tBaseThreadInitThunk [0x00007FFB53117374+20]\n\tRtlUserThreadStart [0x00007FFB5361CC91+33]\n\n", "trace": "  File \"C:\\Users\\max-v\\PycharmProjects\\ProjectTest\\pythonProject\\.venv\\Lib\\site-packages\\allure_commons\\_allure.py\", line 192, in impl\n    return func(*a, **kw)\n           ^^^^^^^^^^^^^^\n  File \"C:\\Users\\max-v\\PycharmProjects\\ProjectTest\\Diplom_3\\page_objects\\password_recovery_page.py\", line 44, in click_on_eye_icon\n    return self.find_element(lk.VISIBLE_PASS_INPUT)\n           ^^^^^^^^^^^^^^^^^^^^^^^^^^^^^^^^^^^^^^^^\n  File \"C:\\Users\\max-v\\PycharmProjects\\ProjectTest\\pythonProject\\.venv\\Lib\\site-packages\\allure_commons\\_allure.py\", line 192, in impl\n    return func(*a, **kw)\n           ^^^^^^^^^^^^^^\n  File \"C:\\Users\\max-v\\PycharmProjects\\ProjectTest\\Diplom_3\\page_objects\\base_page.py\", line 14, in find_element\n    return self.driver.find_element(*locator)\n           ^^^^^^^^^^^^^^^^^^^^^^^^^^^^^^^^^^\n  File \"C:\\Users\\max-v\\PycharmProjects\\ProjectTest\\pythonProject\\.venv\\Lib\\site-packages\\selenium\\webdriver\\remote\\webdriver.py\", line 741, in find_element\n    return self.execute(Command.FIND_ELEMENT, {\"using\": by, \"value\": value})[\"value\"]\n           ^^^^^^^^^^^^^^^^^^^^^^^^^^^^^^^^^^^^^^^^^^^^^^^^^^^^^^^^^^^^^^^^^\n  File \"C:\\Users\\max-v\\PycharmProjects\\ProjectTest\\pythonProject\\.venv\\Lib\\site-packages\\selenium\\webdriver\\remote\\webdriver.py\", line 347, in execute\n    self.error_handler.check_response(response)\n  File \"C:\\Users\\max-v\\PycharmProjects\\ProjectTest\\pythonProject\\.venv\\Lib\\site-packages\\selenium\\webdriver\\remote\\errorhandler.py\", line 229, in check_response\n    raise exception_class(message, screen, stacktrace)\n"}, "steps": [{"name": "Нажимаем на элемент", "status": "passed", "steps": [{"name": "Ищем элемент", "status": "passed", "parameters": [{"name": "locator", "value": "('xpath', \"//div[contains(@class, 'input__icon') and contains(@class, 'input__icon-action')]\")"}], "start": 1729188046748, "stop": 1729188046755}], "parameters": [{"name": "locator", "value": "('xpath', \"//div[contains(@class, 'input__icon') and contains(@class, 'input__icon-action')]\")"}], "start": 1729188046748, "stop": 1729188046777}, {"name": "Ищем элемент", "status": "broken", "statusDetails": {"message": "selenium.common.exceptions.NoSuchElementException: Message: no such element: Unable to locate element: {\"method\":\"xpath\",\"selector\":\"//div[contains(@class, 'input_status_active')]\"}\n  (Session info: chrome=130.0.6723.58); For documentation on this error, please visit: https://www.selenium.dev/documentation/webdriver/troubleshooting/errors#no-such-element-exception\nStacktrace:\n\tGetHandleVerifier [0x00007FF6A4DFE1F5+2972373]\n\t(No symbol) [0x00007FF6A4A955F0]\n\t(No symbol) [0x00007FF6A49357FA]\n\t(No symbol) [0x00007FF6A4985A3E]\n\t(No symbol) [0x00007FF6A4985D2C]\n\t(No symbol) [0x00007FF6A49CEAB7]\n\t(No symbol) [0x00007FF6A49ABABF]\n\t(No symbol) [0x00007FF6A49CB8CC]\n\t(No symbol) [0x00007FF6A49AB823]\n\t(No symbol) [0x00007FF6A49775E8]\n\t(No symbol) [0x00007FF6A4978751]\n\tGetHandleVerifier [0x00007FF6A4E247BD+3129501]\n\tGetHandleVerifier [0x00007FF6A4E74D00+3458528]\n\tGetHandleVerifier [0x00007FF6A4E6B05D+3418429]\n\tGetHandleVerifier [0x00007FF6A4BF687B+844123]\n\t(No symbol) [0x00007FF6A4AA0AFF]\n\t(No symbol) [0x00007FF6A4A9C6D4]\n\t(No symbol) [0x00007FF6A4A9C86D]\n\t(No symbol) [0x00007FF6A4A8BD79]\n\tBaseThreadInitThunk [0x00007FFB53117374+20]\n\tRtlUserThreadStart [0x00007FFB5361CC91+33]\n\n", "trace": "  File \"C:\\Users\\max-v\\PycharmProjects\\ProjectTest\\pythonProject\\.venv\\Lib\\site-packages\\allure_commons\\_allure.py\", line 192, in impl\n    return func(*a, **kw)\n           ^^^^^^^^^^^^^^\n  File \"C:\\Users\\max-v\\PycharmProjects\\ProjectTest\\Diplom_3\\page_objects\\base_page.py\", line 14, in find_element\n    return self.driver.find_element(*locator)\n           ^^^^^^^^^^^^^^^^^^^^^^^^^^^^^^^^^^\n  File \"C:\\Users\\max-v\\PycharmProjects\\ProjectTest\\pythonProject\\.venv\\Lib\\site-packages\\selenium\\webdriver\\remote\\webdriver.py\", line 741, in find_element\n    return self.execute(Command.FIND_ELEMENT, {\"using\": by, \"value\": value})[\"value\"]\n           ^^^^^^^^^^^^^^^^^^^^^^^^^^^^^^^^^^^^^^^^^^^^^^^^^^^^^^^^^^^^^^^^^\n  File \"C:\\Users\\max-v\\PycharmProjects\\ProjectTest\\pythonProject\\.venv\\Lib\\site-packages\\selenium\\webdriver\\remote\\webdriver.py\", line 347, in execute\n    self.error_handler.check_response(response)\n  File \"C:\\Users\\max-v\\PycharmProjects\\ProjectTest\\pythonProject\\.venv\\Lib\\site-packages\\selenium\\webdriver\\remote\\errorhandler.py\", line 229, in check_response\n    raise exception_class(message, screen, stacktrace)\n"}, "parameters": [{"name": "locator", "value": "('xpath', \"//div[contains(@class, 'input_status_active')]\")"}], "start": 1729188046777, "stop": 1729188046783}], "start": 1729188046748, "stop": 1729188046784}], "parameters": [{"name": "driver", "value": "'chrome'"}], "start": 1729188045168, "stop": 1729188046784, "uuid": "c3863d3c-a417-4f62-a202-32e8938081ff", "historyId": "e8f2f493fb534864734d67600d51aca9", "testCaseId": "7de3d29c7654c35da47c0ec97bda154c", "fullName": "tests.password_recovery_test.TestPasswordRecovery#test_tap_pass_visible_button", "labels": [{"name": "parentSuite", "value": "tests"}, {"name": "suite", "value": "password_recovery_test"}, {"name": "subSuite", "value": "TestPasswordRecovery"}, {"name": "host", "value": "DESKTOP-2V6LHVH"}, {"name": "thread", "value": "13736-MainThread"}, {"name": "framework", "value": "pytest"}, {"name": "language", "value": "cpython3"}, {"name": "package", "value": "tests.password_recovery_test"}]}