{"name": "Выход из аккаунта", "status": "broken", "statusDetails": {"message": "selenium.common.exceptions.ElementClickInterceptedException: Message: Element <button class=\"Account_button__14Yp3 text text_type_main-medium text_color_inactive\" type=\"button\"> is not clickable at point (56,373) because another element <div class=\"Modal_modal_overlay__x2ZCr\"> obscures it\nStacktrace:\nRemoteError@chrome://remote/content/shared/RemoteError.sys.mjs:8:8\nWebDriverError@chrome://remote/content/shared/webdriver/Errors.sys.mjs:193:5\nElementClickInterceptedError@chrome://remote/content/shared/webdriver/Errors.sys.mjs:337:5\nwebdriverClickElement@chrome://remote/content/marionette/interaction.sys.mjs:177:11\ninteraction.clickElement@chrome://remote/content/marionette/interaction.sys.mjs:136:11\nclickElement@chrome://remote/content/marionette/actors/MarionetteCommandsChild.sys.mjs:205:29\nreceiveMessage@chrome://remote/content/marionette/actors/MarionetteCommandsChild.sys.mjs:85:31", "trace": "self = <private_office_test.TestPrivateOffice object at 0x000001E7768A8440>, private_office = <page_objects.private_office_page.PrivateOfficePage object at 0x000001E776975C10>\ncreate_user = ({'email': 'yhqfrj@yandex.ru', 'name': 'nndylgfxkt', 'password': 'balmzsbley'}, <Response [200]>), password_recovery = <page_objects.password_recovery_page.PasswordRecoveryPage object at 0x000001E77696A840>\n\n    @allure.title(\"Выход из аккаунта\")\n    @allure.description(\"Проверяем выход из аккаунта\")\n    def test_logout(self, private_office, create_user, password_recovery):\n        private_office.login(create_user, password_recovery)\n        password_recovery.go_to_personal_account()\n    \n>       assert private_office.logout() == Url.LOGIN_PAGE\n\ntests\\private_office_test.py:30: \n_ _ _ _ _ _ _ _ _ _ _ _ _ _ _ _ _ _ _ _ _ _ _ _ _ _ _ _ _ _ _ _ _ _ _ _ _ _ _ _ _ _ _ _ _ _ _ _ _ _ _ _ _ _ _ _ _ _ _ _ _ _ _ _ _ _ _ _ _ _ _ _ _ _ _ _ _ _ _ _ _ _ _ _ _ _ _ _ _ _ _ _ _ _ _ _ _ _ _ _ _ _ _ _ _ _ _ _ _ _ _ _ _ _\npage_objects\\private_office_page.py:53: in logout\n    self.click_on_element(office_locators.LOGOUT_BUTTON)\npage_objects\\base_page.py:26: in click_on_element\n    self.find_element(locator).click()\n..\\pythonProject\\.venv\\Lib\\site-packages\\selenium\\webdriver\\remote\\webelement.py:94: in click\n    self._execute(Command.CLICK_ELEMENT)\n..\\pythonProject\\.venv\\Lib\\site-packages\\selenium\\webdriver\\remote\\webelement.py:395: in _execute\n    return self._parent.execute(command, params)\n..\\pythonProject\\.venv\\Lib\\site-packages\\selenium\\webdriver\\remote\\webdriver.py:347: in execute\n    self.error_handler.check_response(response)\n_ _ _ _ _ _ _ _ _ _ _ _ _ _ _ _ _ _ _ _ _ _ _ _ _ _ _ _ _ _ _ _ _ _ _ _ _ _ _ _ _ _ _ _ _ _ _ _ _ _ _ _ _ _ _ _ _ _ _ _ _ _ _ _ _ _ _ _ _ _ _ _ _ _ _ _ _ _ _ _ _ _ _ _ _ _ _ _ _ _ _ _ _ _ _ _ _ _ _ _ _ _ _ _ _ _ _ _ _ _ _ _ _ _\n\nself = <selenium.webdriver.remote.errorhandler.ErrorHandler object at 0x000001E776976DE0>\nresponse = {'status': 400, 'value': '{\"value\":{\"error\":\"element click intercepted\",\"message\":\"Element <button class=\\\\\"Account_bu...sys.mjs:205:29\\\\nreceiveMessage@chrome://remote/content/marionette/actors/MarionetteCommandsChild.sys.mjs:85:31\\\\n\"}}'}\n\n    def check_response(self, response: Dict[str, Any]) -> None:\n        \"\"\"Checks that a JSON response from the WebDriver does not have an\n        error.\n    \n        :Args:\n         - response - The JSON response from the WebDriver server as a dictionary\n           object.\n    \n        :Raises: If the response contains an error message.\n        \"\"\"\n        status = response.get(\"status\", None)\n        if not status or status == ErrorCode.SUCCESS:\n            return\n        value = None\n        message = response.get(\"message\", \"\")\n        screen: str = response.get(\"screen\", \"\")\n        stacktrace = None\n        if isinstance(status, int):\n            value_json = response.get(\"value\", None)\n            if value_json and isinstance(value_json, str):\n                import json\n    \n                try:\n                    value = json.loads(value_json)\n                    if len(value) == 1:\n                        value = value[\"value\"]\n                    status = value.get(\"error\", None)\n                    if not status:\n                        status = value.get(\"status\", ErrorCode.UNKNOWN_ERROR)\n                        message = value.get(\"value\") or value.get(\"message\")\n                        if not isinstance(message, str):\n                            value = message\n                            message = message.get(\"message\")\n                    else:\n                        message = value.get(\"message\", None)\n                except ValueError:\n                    pass\n    \n        exception_class: Type[WebDriverException]\n        e = ErrorCode()\n        error_codes = [item for item in dir(e) if not item.startswith(\"__\")]\n        for error_code in error_codes:\n            error_info = getattr(ErrorCode, error_code)\n            if isinstance(error_info, list) and status in error_info:\n                exception_class = getattr(ExceptionMapping, error_code, WebDriverException)\n                break\n        else:\n            exception_class = WebDriverException\n    \n        if not value:\n            value = response[\"value\"]\n        if isinstance(value, str):\n            raise exception_class(value)\n        if message == \"\" and \"message\" in value:\n            message = value[\"message\"]\n    \n        screen = None  # type: ignore[assignment]\n        if \"screen\" in value:\n            screen = value[\"screen\"]\n    \n        stacktrace = None\n        st_value = value.get(\"stackTrace\") or value.get(\"stacktrace\")\n        if st_value:\n            if isinstance(st_value, str):\n                stacktrace = st_value.split(\"\\n\")\n            else:\n                stacktrace = []\n                try:\n                    for frame in st_value:\n                        line = frame.get(\"lineNumber\", \"\")\n                        file = frame.get(\"fileName\", \"<anonymous>\")\n                        if line:\n                            file = f\"{file}:{line}\"\n                        meth = frame.get(\"methodName\", \"<anonymous>\")\n                        if \"className\" in frame:\n                            meth = f\"{frame['className']}.{meth}\"\n                        msg = \"    at %s (%s)\"\n                        msg = msg % (meth, file)\n                        stacktrace.append(msg)\n                except TypeError:\n                    pass\n        if exception_class == UnexpectedAlertPresentException:\n            alert_text = None\n            if \"data\" in value:\n                alert_text = value[\"data\"].get(\"text\")\n            elif \"alert\" in value:\n                alert_text = value[\"alert\"].get(\"text\")\n            raise exception_class(message, screen, stacktrace, alert_text)  # type: ignore[call-arg]  # mypy is not smart enough here\n>       raise exception_class(message, screen, stacktrace)\nE       selenium.common.exceptions.ElementClickInterceptedException: Message: Element <button class=\"Account_button__14Yp3 text text_type_main-medium text_color_inactive\" type=\"button\"> is not clickable at point (56,373) because another element <div class=\"Modal_modal_overlay__x2ZCr\"> obscures it\nE       Stacktrace:\nE       RemoteError@chrome://remote/content/shared/RemoteError.sys.mjs:8:8\nE       WebDriverError@chrome://remote/content/shared/webdriver/Errors.sys.mjs:193:5\nE       ElementClickInterceptedError@chrome://remote/content/shared/webdriver/Errors.sys.mjs:337:5\nE       webdriverClickElement@chrome://remote/content/marionette/interaction.sys.mjs:177:11\nE       interaction.clickElement@chrome://remote/content/marionette/interaction.sys.mjs:136:11\nE       clickElement@chrome://remote/content/marionette/actors/MarionetteCommandsChild.sys.mjs:205:29\nE       receiveMessage@chrome://remote/content/marionette/actors/MarionetteCommandsChild.sys.mjs:85:31\n\n..\\pythonProject\\.venv\\Lib\\site-packages\\selenium\\webdriver\\remote\\errorhandler.py:229: ElementClickInterceptedException"}, "description": "Проверяем выход из аккаунта", "steps": [{"name": "Авторизоваться уникальным пользователем ", "status": "passed", "steps": [{"name": "Ждем появление элемента", "status": "passed", "parameters": [{"name": "locator", "value": "('xpath', './/a[@class=\"AppHeader_header__link__3D_hX\"]/p[text() =\"Личный Кабинет\"]')"}], "start": 1729188138169, "stop": 1729188138182}, {"name": "Нажимаем на элемент", "status": "passed", "steps": [{"name": "Ищем элемент", "status": "passed", "parameters": [{"name": "locator", "value": "('xpath', './/a[@class=\"AppHeader_header__link__3D_hX\"]/p[text() =\"Личный Кабинет\"]')"}], "start": 1729188138182, "stop": 1729188138184}], "parameters": [{"name": "locator", "value": "('xpath', './/a[@class=\"AppHeader_header__link__3D_hX\"]/p[text() =\"Личный Кабинет\"]')"}], "start": 1729188138182, "stop": 1729188138416}, {"name": "Вводим символы/текст", "status": "passed", "steps": [{"name": "Ищем элемент", "status": "passed", "parameters": [{"name": "locator", "value": "('xpath', \"//label[text()='Email']/../input\")"}], "start": 1729188138417, "stop": 1729188138423}], "parameters": [{"name": "locator", "value": "('xpath', \"//label[text()='Email']/../input\")"}, {"name": "text", "value": "'yhqfrj@yandex.ru'"}], "start": 1729188138416, "stop": 1729188138464}, {"name": "Вводим символы/текст", "status": "passed", "steps": [{"name": "Ищем элемент", "status": "passed", "parameters": [{"name": "locator", "value": "('xpath', \"//input[@type='password']\")"}], "start": 1729188138464, "stop": 1729188138466}], "parameters": [{"name": "locator", "value": "('xpath', \"//input[@type='password']\")"}, {"name": "text", "value": "'balmzsbley'"}], "start": 1729188138464, "stop": 1729188138475}, {"name": "Нажимаем на элемент", "status": "passed", "steps": [{"name": "Ищем элемент", "status": "passed", "parameters": [{"name": "locator", "value": "('xpath', \".//button[text()='Войти']\")"}], "start": 1729188138475, "stop": 1729188138477}], "parameters": [{"name": "locator", "value": "('xpath', \".//button[text()='Войти']\")"}], "start": 1729188138475, "stop": 1729188138698}, {"name": "Ждем появление элемента", "status": "passed", "parameters": [{"name": "locator", "value": "('xpath', \"//button[text()='Оформить заказ']\")"}], "start": 1729188138698, "stop": 1729188139236}], "parameters": [{"name": "create_user", "value": "({'email': 'yhqfrj@yandex.ru', 'password': 'balmzsbley', 'name': 'nndylgfxkt'}, <Response [200]>)"}, {"name": "password_recovery", "value": "<page_objects.password_recovery_page.PasswordRecoveryPage object at 0x000001E77696A840>"}], "start": 1729188138169, "stop": 1729188139236}, {"name": "Ждем появление элемента", "status": "passed", "parameters": [{"name": "locator", "value": "('xpath', './/a[@class=\"AppHeader_header__link__3D_hX\"]/p[text() =\"Личный Кабинет\"]')"}], "start": 1729188139236, "stop": 1729188139253}, {"name": "Нажимаем на элемент", "status": "passed", "steps": [{"name": "Ищем элемент", "status": "passed", "parameters": [{"name": "locator", "value": "('xpath', './/a[@class=\"AppHeader_header__link__3D_hX\"]/p[text() =\"Личный Кабинет\"]')"}], "start": 1729188139253, "stop": 1729188139256}], "parameters": [{"name": "locator", "value": "('xpath', './/a[@class=\"AppHeader_header__link__3D_hX\"]/p[text() =\"Личный Кабинет\"]')"}], "start": 1729188139253, "stop": 1729188139468}, {"name": "Выйти из аккаунта", "status": "broken", "statusDetails": {"message": "selenium.common.exceptions.ElementClickInterceptedException: Message: Element <button class=\"Account_button__14Yp3 text text_type_main-medium text_color_inactive\" type=\"button\"> is not clickable at point (56,373) because another element <div class=\"Modal_modal_overlay__x2ZCr\"> obscures it\nStacktrace:\nRemoteError@chrome://remote/content/shared/RemoteError.sys.mjs:8:8\nWebDriverError@chrome://remote/content/shared/webdriver/Errors.sys.mjs:193:5\nElementClickInterceptedError@chrome://remote/content/shared/webdriver/Errors.sys.mjs:337:5\nwebdriverClickElement@chrome://remote/content/marionette/interaction.sys.mjs:177:11\ninteraction.clickElement@chrome://remote/content/marionette/interaction.sys.mjs:136:11\nclickElement@chrome://remote/content/marionette/actors/MarionetteCommandsChild.sys.mjs:205:29\nreceiveMessage@chrome://remote/content/marionette/actors/MarionetteCommandsChild.sys.mjs:85:31\n\n", "trace": "  File \"C:\\Users\\max-v\\PycharmProjects\\ProjectTest\\pythonProject\\.venv\\Lib\\site-packages\\allure_commons\\_allure.py\", line 192, in impl\n    return func(*a, **kw)\n           ^^^^^^^^^^^^^^\n  File \"C:\\Users\\max-v\\PycharmProjects\\ProjectTest\\Diplom_3\\page_objects\\private_office_page.py\", line 53, in logout\n    self.click_on_element(office_locators.LOGOUT_BUTTON)\n  File \"C:\\Users\\max-v\\PycharmProjects\\ProjectTest\\pythonProject\\.venv\\Lib\\site-packages\\allure_commons\\_allure.py\", line 192, in impl\n    return func(*a, **kw)\n           ^^^^^^^^^^^^^^\n  File \"C:\\Users\\max-v\\PycharmProjects\\ProjectTest\\Diplom_3\\page_objects\\base_page.py\", line 26, in click_on_element\n    self.find_element(locator).click()\n  File \"C:\\Users\\max-v\\PycharmProjects\\ProjectTest\\pythonProject\\.venv\\Lib\\site-packages\\selenium\\webdriver\\remote\\webelement.py\", line 94, in click\n    self._execute(Command.CLICK_ELEMENT)\n  File \"C:\\Users\\max-v\\PycharmProjects\\ProjectTest\\pythonProject\\.venv\\Lib\\site-packages\\selenium\\webdriver\\remote\\webelement.py\", line 395, in _execute\n    return self._parent.execute(command, params)\n           ^^^^^^^^^^^^^^^^^^^^^^^^^^^^^^^^^^^^^\n  File \"C:\\Users\\max-v\\PycharmProjects\\ProjectTest\\pythonProject\\.venv\\Lib\\site-packages\\selenium\\webdriver\\remote\\webdriver.py\", line 347, in execute\n    self.error_handler.check_response(response)\n  File \"C:\\Users\\max-v\\PycharmProjects\\ProjectTest\\pythonProject\\.venv\\Lib\\site-packages\\selenium\\webdriver\\remote\\errorhandler.py\", line 229, in check_response\n    raise exception_class(message, screen, stacktrace)\n"}, "steps": [{"name": "Ждем появление элемента", "status": "passed", "parameters": [{"name": "locator", "value": "('xpath', \"//button[text()='Выход']\")"}], "start": 1729188139469, "stop": 1729188139488}, {"name": "Нажимаем на элемент", "status": "broken", "statusDetails": {"message": "selenium.common.exceptions.ElementClickInterceptedException: Message: Element <button class=\"Account_button__14Yp3 text text_type_main-medium text_color_inactive\" type=\"button\"> is not clickable at point (56,373) because another element <div class=\"Modal_modal_overlay__x2ZCr\"> obscures it\nStacktrace:\nRemoteError@chrome://remote/content/shared/RemoteError.sys.mjs:8:8\nWebDriverError@chrome://remote/content/shared/webdriver/Errors.sys.mjs:193:5\nElementClickInterceptedError@chrome://remote/content/shared/webdriver/Errors.sys.mjs:337:5\nwebdriverClickElement@chrome://remote/content/marionette/interaction.sys.mjs:177:11\ninteraction.clickElement@chrome://remote/content/marionette/interaction.sys.mjs:136:11\nclickElement@chrome://remote/content/marionette/actors/MarionetteCommandsChild.sys.mjs:205:29\nreceiveMessage@chrome://remote/content/marionette/actors/MarionetteCommandsChild.sys.mjs:85:31\n\n", "trace": "  File \"C:\\Users\\max-v\\PycharmProjects\\ProjectTest\\pythonProject\\.venv\\Lib\\site-packages\\allure_commons\\_allure.py\", line 192, in impl\n    return func(*a, **kw)\n           ^^^^^^^^^^^^^^\n  File \"C:\\Users\\max-v\\PycharmProjects\\ProjectTest\\Diplom_3\\page_objects\\base_page.py\", line 26, in click_on_element\n    self.find_element(locator).click()\n  File \"C:\\Users\\max-v\\PycharmProjects\\ProjectTest\\pythonProject\\.venv\\Lib\\site-packages\\selenium\\webdriver\\remote\\webelement.py\", line 94, in click\n    self._execute(Command.CLICK_ELEMENT)\n  File \"C:\\Users\\max-v\\PycharmProjects\\ProjectTest\\pythonProject\\.venv\\Lib\\site-packages\\selenium\\webdriver\\remote\\webelement.py\", line 395, in _execute\n    return self._parent.execute(command, params)\n           ^^^^^^^^^^^^^^^^^^^^^^^^^^^^^^^^^^^^^\n  File \"C:\\Users\\max-v\\PycharmProjects\\ProjectTest\\pythonProject\\.venv\\Lib\\site-packages\\selenium\\webdriver\\remote\\webdriver.py\", line 347, in execute\n    self.error_handler.check_response(response)\n  File \"C:\\Users\\max-v\\PycharmProjects\\ProjectTest\\pythonProject\\.venv\\Lib\\site-packages\\selenium\\webdriver\\remote\\errorhandler.py\", line 229, in check_response\n    raise exception_class(message, screen, stacktrace)\n"}, "steps": [{"name": "Ищем элемент", "status": "passed", "parameters": [{"name": "locator", "value": "('xpath', \"//button[text()='Выход']\")"}], "start": 1729188139488, "stop": 1729188139490}], "parameters": [{"name": "locator", "value": "('xpath', \"//button[text()='Выход']\")"}], "start": 1729188139488, "stop": 1729188139493}], "start": 1729188139468, "stop": 1729188139494}], "parameters": [{"name": "driver", "value": "'firefox'"}], "start": 1729188138169, "stop": 1729188139494, "uuid": "28d1b1f7-bf02-4dc5-a5e3-2bd667bb598b", "historyId": "5f936b42b4412507028f818390ffbc85", "testCaseId": "c4e8d5c031826c89992da6af750cafe1", "fullName": "tests.private_office_test.TestPrivateOffice#test_logout", "labels": [{"name": "parentSuite", "value": "tests"}, {"name": "suite", "value": "private_office_test"}, {"name": "subSuite", "value": "TestPrivateOffice"}, {"name": "host", "value": "DESKTOP-2V6LHVH"}, {"name": "thread", "value": "13736-MainThread"}, {"name": "framework", "value": "pytest"}, {"name": "language", "value": "cpython3"}, {"name": "package", "value": "tests.private_office_test"}]}