{"name": "Переход в раздел «История заказов»", "status": "broken", "statusDetails": {"message": "selenium.common.exceptions.ElementClickInterceptedException: Message: Element <a class=\"Account_link__2ETsJ text text_type_main-medium text_color_inactive\" href=\"/account/order-history\"> is not clickable at point (128,307) because another element <div class=\"Modal_modal_overlay__x2ZCr\"> obscures it\nStacktrace:\nRemoteError@chrome://remote/content/shared/RemoteError.sys.mjs:8:8\nWebDriverError@chrome://remote/content/shared/webdriver/Errors.sys.mjs:193:5\nElementClickInterceptedError@chrome://remote/content/shared/webdriver/Errors.sys.mjs:337:5\nwebdriverClickElement@chrome://remote/content/marionette/interaction.sys.mjs:177:11\ninteraction.clickElement@chrome://remote/content/marionette/interaction.sys.mjs:136:11\nclickElement@chrome://remote/content/marionette/actors/MarionetteCommandsChild.sys.mjs:205:29\nreceiveMessage@chrome://remote/content/marionette/actors/MarionetteCommandsChild.sys.mjs:85:31", "trace": "self = <private_office_test.TestPrivateOffice object at 0x000001E7768A8080>, private_office = <page_objects.private_office_page.PrivateOfficePage object at 0x000001E776F19F10>\ncreate_user = ({'email': 'relazm@yandex.ru', 'name': 'eufvqjzyyj', 'password': 'tkvlfmfbfb'}, <Response [200]>), password_recovery = <page_objects.password_recovery_page.PasswordRecoveryPage object at 0x000001E776F1A2D0>\n\n    @allure.title(\"Переход в раздел «История заказов»\")\n    @allure.description(\"Проверяем открытие страницы Истории заказов у авторизованного пользователя \")\n    def test_transition_to_history_orders(self, private_office, create_user, password_recovery):\n    \n        private_office.auth_and_change_order(create_user, password_recovery)\n    \n>       assert private_office.open_history_orders(password_recovery) == Url.HISTORY_PAGE\n\ntests\\private_office_test.py:22: \n_ _ _ _ _ _ _ _ _ _ _ _ _ _ _ _ _ _ _ _ _ _ _ _ _ _ _ _ _ _ _ _ _ _ _ _ _ _ _ _ _ _ _ _ _ _ _ _ _ _ _ _ _ _ _ _ _ _ _ _ _ _ _ _ _ _ _ _ _ _ _ _ _ _ _ _ _ _ _ _ _ _ _ _ _ _ _ _ _ _ _ _ _ _ _ _ _ _ _ _ _ _ _ _ _ _ _ _ _ _ _ _ _ _\npage_objects\\private_office_page.py:46: in open_history_orders\n    self.click_on_element(office_locators.HISTORY_ORDER)\npage_objects\\base_page.py:26: in click_on_element\n    self.find_element(locator).click()\n..\\pythonProject\\.venv\\Lib\\site-packages\\selenium\\webdriver\\remote\\webelement.py:94: in click\n    self._execute(Command.CLICK_ELEMENT)\n..\\pythonProject\\.venv\\Lib\\site-packages\\selenium\\webdriver\\remote\\webelement.py:395: in _execute\n    return self._parent.execute(command, params)\n..\\pythonProject\\.venv\\Lib\\site-packages\\selenium\\webdriver\\remote\\webdriver.py:347: in execute\n    self.error_handler.check_response(response)\n_ _ _ _ _ _ _ _ _ _ _ _ _ _ _ _ _ _ _ _ _ _ _ _ _ _ _ _ _ _ _ _ _ _ _ _ _ _ _ _ _ _ _ _ _ _ _ _ _ _ _ _ _ _ _ _ _ _ _ _ _ _ _ _ _ _ _ _ _ _ _ _ _ _ _ _ _ _ _ _ _ _ _ _ _ _ _ _ _ _ _ _ _ _ _ _ _ _ _ _ _ _ _ _ _ _ _ _ _ _ _ _ _ _\n\nself = <selenium.webdriver.remote.errorhandler.ErrorHandler object at 0x000001E776F19130>\nresponse = {'status': 400, 'value': '{\"value\":{\"error\":\"element click intercepted\",\"message\":\"Element <a class=\\\\\"Account_link__2...sys.mjs:205:29\\\\nreceiveMessage@chrome://remote/content/marionette/actors/MarionetteCommandsChild.sys.mjs:85:31\\\\n\"}}'}\n\n    def check_response(self, response: Dict[str, Any]) -> None:\n        \"\"\"Checks that a JSON response from the WebDriver does not have an\n        error.\n    \n        :Args:\n         - response - The JSON response from the WebDriver server as a dictionary\n           object.\n    \n        :Raises: If the response contains an error message.\n        \"\"\"\n        status = response.get(\"status\", None)\n        if not status or status == ErrorCode.SUCCESS:\n            return\n        value = None\n        message = response.get(\"message\", \"\")\n        screen: str = response.get(\"screen\", \"\")\n        stacktrace = None\n        if isinstance(status, int):\n            value_json = response.get(\"value\", None)\n            if value_json and isinstance(value_json, str):\n                import json\n    \n                try:\n                    value = json.loads(value_json)\n                    if len(value) == 1:\n                        value = value[\"value\"]\n                    status = value.get(\"error\", None)\n                    if not status:\n                        status = value.get(\"status\", ErrorCode.UNKNOWN_ERROR)\n                        message = value.get(\"value\") or value.get(\"message\")\n                        if not isinstance(message, str):\n                            value = message\n                            message = message.get(\"message\")\n                    else:\n                        message = value.get(\"message\", None)\n                except ValueError:\n                    pass\n    \n        exception_class: Type[WebDriverException]\n        e = ErrorCode()\n        error_codes = [item for item in dir(e) if not item.startswith(\"__\")]\n        for error_code in error_codes:\n            error_info = getattr(ErrorCode, error_code)\n            if isinstance(error_info, list) and status in error_info:\n                exception_class = getattr(ExceptionMapping, error_code, WebDriverException)\n                break\n        else:\n            exception_class = WebDriverException\n    \n        if not value:\n            value = response[\"value\"]\n        if isinstance(value, str):\n            raise exception_class(value)\n        if message == \"\" and \"message\" in value:\n            message = value[\"message\"]\n    \n        screen = None  # type: ignore[assignment]\n        if \"screen\" in value:\n            screen = value[\"screen\"]\n    \n        stacktrace = None\n        st_value = value.get(\"stackTrace\") or value.get(\"stacktrace\")\n        if st_value:\n            if isinstance(st_value, str):\n                stacktrace = st_value.split(\"\\n\")\n            else:\n                stacktrace = []\n                try:\n                    for frame in st_value:\n                        line = frame.get(\"lineNumber\", \"\")\n                        file = frame.get(\"fileName\", \"<anonymous>\")\n                        if line:\n                            file = f\"{file}:{line}\"\n                        meth = frame.get(\"methodName\", \"<anonymous>\")\n                        if \"className\" in frame:\n                            meth = f\"{frame['className']}.{meth}\"\n                        msg = \"    at %s (%s)\"\n                        msg = msg % (meth, file)\n                        stacktrace.append(msg)\n                except TypeError:\n                    pass\n        if exception_class == UnexpectedAlertPresentException:\n            alert_text = None\n            if \"data\" in value:\n                alert_text = value[\"data\"].get(\"text\")\n            elif \"alert\" in value:\n                alert_text = value[\"alert\"].get(\"text\")\n            raise exception_class(message, screen, stacktrace, alert_text)  # type: ignore[call-arg]  # mypy is not smart enough here\n>       raise exception_class(message, screen, stacktrace)\nE       selenium.common.exceptions.ElementClickInterceptedException: Message: Element <a class=\"Account_link__2ETsJ text text_type_main-medium text_color_inactive\" href=\"/account/order-history\"> is not clickable at point (128,307) because another element <div class=\"Modal_modal_overlay__x2ZCr\"> obscures it\nE       Stacktrace:\nE       RemoteError@chrome://remote/content/shared/RemoteError.sys.mjs:8:8\nE       WebDriverError@chrome://remote/content/shared/webdriver/Errors.sys.mjs:193:5\nE       ElementClickInterceptedError@chrome://remote/content/shared/webdriver/Errors.sys.mjs:337:5\nE       webdriverClickElement@chrome://remote/content/marionette/interaction.sys.mjs:177:11\nE       interaction.clickElement@chrome://remote/content/marionette/interaction.sys.mjs:136:11\nE       clickElement@chrome://remote/content/marionette/actors/MarionetteCommandsChild.sys.mjs:205:29\nE       receiveMessage@chrome://remote/content/marionette/actors/MarionetteCommandsChild.sys.mjs:85:31\n\n..\\pythonProject\\.venv\\Lib\\site-packages\\selenium\\webdriver\\remote\\errorhandler.py:229: ElementClickInterceptedException"}, "description": "Проверяем открытие страницы Истории заказов у авторизованного пользователя ", "steps": [{"name": "Авторизоваться и сделать заказы", "status": "passed", "steps": [{"name": "Ждем появление элемента", "status": "passed", "parameters": [{"name": "locator", "value": "('xpath', './/a[@class=\"AppHeader_header__link__3D_hX\"]/p[text() =\"Личный Кабинет\"]')"}], "start": 1729188107037, "stop": 1729188107072}, {"name": "Нажимаем на элемент", "status": "passed", "steps": [{"name": "Ищем элемент", "status": "passed", "parameters": [{"name": "locator", "value": "('xpath', './/a[@class=\"AppHeader_header__link__3D_hX\"]/p[text() =\"Личный Кабинет\"]')"}], "start": 1729188107073, "stop": 1729188107074}], "parameters": [{"name": "locator", "value": "('xpath', './/a[@class=\"AppHeader_header__link__3D_hX\"]/p[text() =\"Личный Кабинет\"]')"}], "start": 1729188107072, "stop": 1729188107306}, {"name": "Вводим символы/текст", "status": "passed", "steps": [{"name": "Ищем элемент", "status": "passed", "parameters": [{"name": "locator", "value": "('xpath', \"//label[text()='Email']/../input\")"}], "start": 1729188107307, "stop": 1729188107314}], "parameters": [{"name": "locator", "value": "('xpath', \"//label[text()='Email']/../input\")"}, {"name": "text", "value": "'relazm@yandex.ru'"}], "start": 1729188107306, "stop": 1729188107375}, {"name": "Вводим символы/текст", "status": "passed", "steps": [{"name": "Ищем элемент", "status": "passed", "parameters": [{"name": "locator", "value": "('xpath', \"//input[@type='password']\")"}], "start": 1729188107375, "stop": 1729188107377}], "parameters": [{"name": "locator", "value": "('xpath', \"//input[@type='password']\")"}, {"name": "text", "value": "'tkvlfmfbfb'"}], "start": 1729188107375, "stop": 1729188107387}, {"name": "Нажимаем на элемент", "status": "passed", "steps": [{"name": "Ищем элемент", "status": "passed", "parameters": [{"name": "locator", "value": "('xpath', \".//button[text()='Войти']\")"}], "start": 1729188107387, "stop": 1729188107388}], "parameters": [{"name": "locator", "value": "('xpath', \".//button[text()='Войти']\")"}], "start": 1729188107387, "stop": 1729188107599}, {"name": "Ждем появление элемента", "status": "passed", "parameters": [{"name": "locator", "value": "('xpath', \"//button[text()='Оформить заказ']\")"}], "start": 1729188107599, "stop": 1729188108125}], "parameters": [{"name": "create_user", "value": "({'email': 'relazm@yandex.ru', 'password': 'tkvlfmfbfb', 'name': 'eufvqjzyyj'}, <Response [200]>)"}, {"name": "password_recovery", "value": "<page_objects.password_recovery_page.PasswordRecoveryPage object at 0x000001E776F1A2D0>"}], "start": 1729188107037, "stop": 1729188110005}, {"name": "Ждем появление элемента", "status": "passed", "parameters": [{"name": "locator", "value": "('xpath', './/a[@class=\"AppHeader_header__link__3D_hX\"]/p[text() =\"Личный Кабинет\"]')"}], "start": 1729188110005, "stop": 1729188110013}, {"name": "Нажимаем на элемент", "status": "passed", "steps": [{"name": "Ищем элемент", "status": "passed", "parameters": [{"name": "locator", "value": "('xpath', './/a[@class=\"AppHeader_header__link__3D_hX\"]/p[text() =\"Личный Кабинет\"]')"}], "start": 1729188110013, "stop": 1729188110016}], "parameters": [{"name": "locator", "value": "('xpath', './/a[@class=\"AppHeader_header__link__3D_hX\"]/p[text() =\"Личный Кабинет\"]')"}], "start": 1729188110013, "stop": 1729188110226}, {"name": "Ждем появление элемента", "status": "passed", "parameters": [{"name": "locator", "value": "('xpath', \"//a[text()='История заказов']\")"}], "start": 1729188110226, "stop": 1729188110232}, {"name": "Нажимаем на элемент", "status": "broken", "statusDetails": {"message": "selenium.common.exceptions.ElementClickInterceptedException: Message: Element <a class=\"Account_link__2ETsJ text text_type_main-medium text_color_inactive\" href=\"/account/order-history\"> is not clickable at point (128,307) because another element <div class=\"Modal_modal_overlay__x2ZCr\"> obscures it\nStacktrace:\nRemoteError@chrome://remote/content/shared/RemoteError.sys.mjs:8:8\nWebDriverError@chrome://remote/content/shared/webdriver/Errors.sys.mjs:193:5\nElementClickInterceptedError@chrome://remote/content/shared/webdriver/Errors.sys.mjs:337:5\nwebdriverClickElement@chrome://remote/content/marionette/interaction.sys.mjs:177:11\ninteraction.clickElement@chrome://remote/content/marionette/interaction.sys.mjs:136:11\nclickElement@chrome://remote/content/marionette/actors/MarionetteCommandsChild.sys.mjs:205:29\nreceiveMessage@chrome://remote/content/marionette/actors/MarionetteCommandsChild.sys.mjs:85:31\n\n", "trace": "  File \"C:\\Users\\max-v\\PycharmProjects\\ProjectTest\\pythonProject\\.venv\\Lib\\site-packages\\allure_commons\\_allure.py\", line 192, in impl\n    return func(*a, **kw)\n           ^^^^^^^^^^^^^^\n  File \"C:\\Users\\max-v\\PycharmProjects\\ProjectTest\\Diplom_3\\page_objects\\base_page.py\", line 26, in click_on_element\n    self.find_element(locator).click()\n  File \"C:\\Users\\max-v\\PycharmProjects\\ProjectTest\\pythonProject\\.venv\\Lib\\site-packages\\selenium\\webdriver\\remote\\webelement.py\", line 94, in click\n    self._execute(Command.CLICK_ELEMENT)\n  File \"C:\\Users\\max-v\\PycharmProjects\\ProjectTest\\pythonProject\\.venv\\Lib\\site-packages\\selenium\\webdriver\\remote\\webelement.py\", line 395, in _execute\n    return self._parent.execute(command, params)\n           ^^^^^^^^^^^^^^^^^^^^^^^^^^^^^^^^^^^^^\n  File \"C:\\Users\\max-v\\PycharmProjects\\ProjectTest\\pythonProject\\.venv\\Lib\\site-packages\\selenium\\webdriver\\remote\\webdriver.py\", line 347, in execute\n    self.error_handler.check_response(response)\n  File \"C:\\Users\\max-v\\PycharmProjects\\ProjectTest\\pythonProject\\.venv\\Lib\\site-packages\\selenium\\webdriver\\remote\\errorhandler.py\", line 229, in check_response\n    raise exception_class(message, screen, stacktrace)\n"}, "steps": [{"name": "Ищем элемент", "status": "passed", "parameters": [{"name": "locator", "value": "('xpath', \"//a[text()='История заказов']\")"}], "start": 1729188110233, "stop": 1729188110234}], "parameters": [{"name": "locator", "value": "('xpath', \"//a[text()='История заказов']\")"}], "start": 1729188110232, "stop": 1729188110236}], "parameters": [{"name": "driver", "value": "'firefox'"}], "start": 1729188107037, "stop": 1729188110237, "uuid": "92b6b78f-3902-47b8-bba0-b9a7e2993015", "historyId": "8276ad81e2f565ba739fc819fe85bd59", "testCaseId": "a786a37c3f3a8d046661638cc2dc33bb", "fullName": "tests.private_office_test.TestPrivateOffice#test_transition_to_history_orders", "labels": [{"name": "parentSuite", "value": "tests"}, {"name": "suite", "value": "private_office_test"}, {"name": "subSuite", "value": "TestPrivateOffice"}, {"name": "host", "value": "DESKTOP-2V6LHVH"}, {"name": "thread", "value": "13736-MainThread"}, {"name": "framework", "value": "pytest"}, {"name": "language", "value": "cpython3"}, {"name": "package", "value": "tests.private_office_test"}]}