{"name": "Всплывающее окно закрывается кликом по крестику", "status": "broken", "statusDetails": {"message": "selenium.common.exceptions.ElementClickInterceptedException: Message: element click intercepted: Element <p class=\"BurgerIngredient_ingredient__text__yp3dH\">...</p> is not clickable at point (140, 396). Other element would receive the click: <img src=\"https://code.s3.yandex.net/react/code/bun-01.png\" alt=\"Флюоресцентная булка R2-D3\" class=\"BurgerIngredient_ingredient__image__3e-07 ml-4 mr-4\">\n  (Session info: chrome=130.0.6723.58)\nStacktrace:\n\tGetHandleVerifier [0x00007FF6A4DFE1F5+2972373]\n\t(No symbol) [0x00007FF6A4A955F0]\n\t(No symbol) [0x00007FF6A49357FA]\n\t(No symbol) [0x00007FF6A498D6CE]\n\t(No symbol) [0x00007FF6A498B16C]\n\t(No symbol) [0x00007FF6A4988628]\n\t(No symbol) [0x00007FF6A498783C]\n\t(No symbol) [0x00007FF6A497992E]\n\t(No symbol) [0x00007FF6A49ABA7A]\n\t(No symbol) [0x00007FF6A4979266]\n\t(No symbol) [0x00007FF6A49ABC90]\n\t(No symbol) [0x00007FF6A49CB8CC]\n\t(No symbol) [0x00007FF6A49AB823]\n\t(No symbol) [0x00007FF6A49775E8]\n\t(No symbol) [0x00007FF6A4978751]\n\tGetHandleVerifier [0x00007FF6A4E247BD+3129501]\n\tGetHandleVerifier [0x00007FF6A4E74D00+3458528]\n\tGetHandleVerifier [0x00007FF6A4E6B05D+3418429]\n\tGetHandleVerifier [0x00007FF6A4BF687B+844123]\n\t(No symbol) [0x00007FF6A4AA0AFF]\n\t(No symbol) [0x00007FF6A4A9C6D4]\n\t(No symbol) [0x00007FF6A4A9C86D]\n\t(No symbol) [0x00007FF6A4A8BD79]\n\tBaseThreadInitThunk [0x00007FFB53117374+20]\n\tRtlUserThreadStart [0x00007FFB5361CC91+33]", "trace": "self = <home_test.TestHomePage object at 0x000001E77687CF50>, home = <page_objects.home_page.HomePage object at 0x000001E77696BCE0>\n\n    @allure.title(\"Всплывающее окно закрывается кликом по крестику\")\n    @allure.description(\"Проверяем работу кнопки закрытия модального окна\")\n    def test_tap_on_close_btn_on_modal(self, home):\n    \n>       home.tap_on_ingredient()\n\ntests\\home_test.py:29: \n_ _ _ _ _ _ _ _ _ _ _ _ _ _ _ _ _ _ _ _ _ _ _ _ _ _ _ _ _ _ _ _ _ _ _ _ _ _ _ _ _ _ _ _ _ _ _ _ _ _ _ _ _ _ _ _ _ _ _ _ _ _ _ _ _ _ _ _ _ _ _ _ _ _ _ _ _ _ _ _ _ _ _ _ _ _ _ _ _ _ _ _ _ _ _ _ _ _ _ _ _ _ _ _ _ _ _ _ _ _ _ _ _ _\npage_objects\\home_page.py:26: in tap_on_ingredient\n    self.click_on_element(home_locators.BUN)\npage_objects\\base_page.py:26: in click_on_element\n    self.find_element(locator).click()\n..\\pythonProject\\.venv\\Lib\\site-packages\\selenium\\webdriver\\remote\\webelement.py:94: in click\n    self._execute(Command.CLICK_ELEMENT)\n..\\pythonProject\\.venv\\Lib\\site-packages\\selenium\\webdriver\\remote\\webelement.py:395: in _execute\n    return self._parent.execute(command, params)\n..\\pythonProject\\.venv\\Lib\\site-packages\\selenium\\webdriver\\remote\\webdriver.py:347: in execute\n    self.error_handler.check_response(response)\n_ _ _ _ _ _ _ _ _ _ _ _ _ _ _ _ _ _ _ _ _ _ _ _ _ _ _ _ _ _ _ _ _ _ _ _ _ _ _ _ _ _ _ _ _ _ _ _ _ _ _ _ _ _ _ _ _ _ _ _ _ _ _ _ _ _ _ _ _ _ _ _ _ _ _ _ _ _ _ _ _ _ _ _ _ _ _ _ _ _ _ _ _ _ _ _ _ _ _ _ _ _ _ _ _ _ _ _ _ _ _ _ _ _\n\nself = <selenium.webdriver.remote.errorhandler.ErrorHandler object at 0x000001E77696A150>\nresponse = {'status': 400, 'value': '{\"value\":{\"error\":\"element click intercepted\",\"message\":\"element click intercepted: Element ...07FF6A4A8BD79]\\\\n\\\\tBaseThreadInitThunk [0x00007FFB53117374+20]\\\\n\\\\tRtlUserThreadStart [0x00007FFB5361CC91+33]\\\\n\"}}'}\n\n    def check_response(self, response: Dict[str, Any]) -> None:\n        \"\"\"Checks that a JSON response from the WebDriver does not have an\n        error.\n    \n        :Args:\n         - response - The JSON response from the WebDriver server as a dictionary\n           object.\n    \n        :Raises: If the response contains an error message.\n        \"\"\"\n        status = response.get(\"status\", None)\n        if not status or status == ErrorCode.SUCCESS:\n            return\n        value = None\n        message = response.get(\"message\", \"\")\n        screen: str = response.get(\"screen\", \"\")\n        stacktrace = None\n        if isinstance(status, int):\n            value_json = response.get(\"value\", None)\n            if value_json and isinstance(value_json, str):\n                import json\n    \n                try:\n                    value = json.loads(value_json)\n                    if len(value) == 1:\n                        value = value[\"value\"]\n                    status = value.get(\"error\", None)\n                    if not status:\n                        status = value.get(\"status\", ErrorCode.UNKNOWN_ERROR)\n                        message = value.get(\"value\") or value.get(\"message\")\n                        if not isinstance(message, str):\n                            value = message\n                            message = message.get(\"message\")\n                    else:\n                        message = value.get(\"message\", None)\n                except ValueError:\n                    pass\n    \n        exception_class: Type[WebDriverException]\n        e = ErrorCode()\n        error_codes = [item for item in dir(e) if not item.startswith(\"__\")]\n        for error_code in error_codes:\n            error_info = getattr(ErrorCode, error_code)\n            if isinstance(error_info, list) and status in error_info:\n                exception_class = getattr(ExceptionMapping, error_code, WebDriverException)\n                break\n        else:\n            exception_class = WebDriverException\n    \n        if not value:\n            value = response[\"value\"]\n        if isinstance(value, str):\n            raise exception_class(value)\n        if message == \"\" and \"message\" in value:\n            message = value[\"message\"]\n    \n        screen = None  # type: ignore[assignment]\n        if \"screen\" in value:\n            screen = value[\"screen\"]\n    \n        stacktrace = None\n        st_value = value.get(\"stackTrace\") or value.get(\"stacktrace\")\n        if st_value:\n            if isinstance(st_value, str):\n                stacktrace = st_value.split(\"\\n\")\n            else:\n                stacktrace = []\n                try:\n                    for frame in st_value:\n                        line = frame.get(\"lineNumber\", \"\")\n                        file = frame.get(\"fileName\", \"<anonymous>\")\n                        if line:\n                            file = f\"{file}:{line}\"\n                        meth = frame.get(\"methodName\", \"<anonymous>\")\n                        if \"className\" in frame:\n                            meth = f\"{frame['className']}.{meth}\"\n                        msg = \"    at %s (%s)\"\n                        msg = msg % (meth, file)\n                        stacktrace.append(msg)\n                except TypeError:\n                    pass\n        if exception_class == UnexpectedAlertPresentException:\n            alert_text = None\n            if \"data\" in value:\n                alert_text = value[\"data\"].get(\"text\")\n            elif \"alert\" in value:\n                alert_text = value[\"alert\"].get(\"text\")\n            raise exception_class(message, screen, stacktrace, alert_text)  # type: ignore[call-arg]  # mypy is not smart enough here\n>       raise exception_class(message, screen, stacktrace)\nE       selenium.common.exceptions.ElementClickInterceptedException: Message: element click intercepted: Element <p class=\"BurgerIngredient_ingredient__text__yp3dH\">...</p> is not clickable at point (140, 396). Other element would receive the click: <img src=\"https://code.s3.yandex.net/react/code/bun-01.png\" alt=\"Флюоресцентная булка R2-D3\" class=\"BurgerIngredient_ingredient__image__3e-07 ml-4 mr-4\">\nE         (Session info: chrome=130.0.6723.58)\nE       Stacktrace:\nE       \tGetHandleVerifier [0x00007FF6A4DFE1F5+2972373]\nE       \t(No symbol) [0x00007FF6A4A955F0]\nE       \t(No symbol) [0x00007FF6A49357FA]\nE       \t(No symbol) [0x00007FF6A498D6CE]\nE       \t(No symbol) [0x00007FF6A498B16C]\nE       \t(No symbol) [0x00007FF6A4988628]\nE       \t(No symbol) [0x00007FF6A498783C]\nE       \t(No symbol) [0x00007FF6A497992E]\nE       \t(No symbol) [0x00007FF6A49ABA7A]\nE       \t(No symbol) [0x00007FF6A4979266]\nE       \t(No symbol) [0x00007FF6A49ABC90]\nE       \t(No symbol) [0x00007FF6A49CB8CC]\nE       \t(No symbol) [0x00007FF6A49AB823]\nE       \t(No symbol) [0x00007FF6A49775E8]\nE       \t(No symbol) [0x00007FF6A4978751]\nE       \tGetHandleVerifier [0x00007FF6A4E247BD+3129501]\nE       \tGetHandleVerifier [0x00007FF6A4E74D00+3458528]\nE       \tGetHandleVerifier [0x00007FF6A4E6B05D+3418429]\nE       \tGetHandleVerifier [0x00007FF6A4BF687B+844123]\nE       \t(No symbol) [0x00007FF6A4AA0AFF]\nE       \t(No symbol) [0x00007FF6A4A9C6D4]\nE       \t(No symbol) [0x00007FF6A4A9C86D]\nE       \t(No symbol) [0x00007FF6A4A8BD79]\nE       \tBaseThreadInitThunk [0x00007FFB53117374+20]\nE       \tRtlUserThreadStart [0x00007FFB5361CC91+33]\n\n..\\pythonProject\\.venv\\Lib\\site-packages\\selenium\\webdriver\\remote\\errorhandler.py:229: ElementClickInterceptedException"}, "description": "Проверяем работу кнопки закрытия модального окна", "steps": [{"name": "Тапаем на ингридиент на главной странице", "status": "broken", "statusDetails": {"message": "selenium.common.exceptions.ElementClickInterceptedException: Message: element click intercepted: Element <p class=\"BurgerIngredient_ingredient__text__yp3dH\">...</p> is not clickable at point (140, 396). Other element would receive the click: <img src=\"https://code.s3.yandex.net/react/code/bun-01.png\" alt=\"Флюоресцентная булка R2-D3\" class=\"BurgerIngredient_ingredient__image__3e-07 ml-4 mr-4\">\n  (Session info: chrome=130.0.6723.58)\nStacktrace:\n\tGetHandleVerifier [0x00007FF6A4DFE1F5+2972373]\n\t(No symbol) [0x00007FF6A4A955F0]\n\t(No symbol) [0x00007FF6A49357FA]\n\t(No symbol) [0x00007FF6A498D6CE]\n\t(No symbol) [0x00007FF6A498B16C]\n\t(No symbol) [0x00007FF6A4988628]\n\t(No symbol) [0x00007FF6A498783C]\n\t(No symbol) [0x00007FF6A497992E]\n\t(No symbol) [0x00007FF6A49ABA7A]\n\t(No symbol) [0x00007FF6A4979266]\n\t(No symbol) [0x00007FF6A49ABC90]\n\t(No symbol) [0x00007FF6A49CB8CC]\n\t(No symbol) [0x00007FF6A49AB823]\n\t(No symbol) [0x00007FF6A49775E8]\n\t(No symbol) [0x00007FF6A4978751]\n\tGetHandleVerifier [0x00007FF6A4E247BD+3129501]\n\tGetHandleVerifier [0x00007FF6A4E74D00+3458528]\n\tGetHandleVerifier [0x00007FF6A4E6B05D+3418429]\n\tGetHandleVerifier [0x00007FF6A4BF687B+844123]\n\t(No symbol) [0x00007FF6A4AA0AFF]\n\t(No symbol) [0x00007FF6A4A9C6D4]\n\t(No symbol) [0x00007FF6A4A9C86D]\n\t(No symbol) [0x00007FF6A4A8BD79]\n\tBaseThreadInitThunk [0x00007FFB53117374+20]\n\tRtlUserThreadStart [0x00007FFB5361CC91+33]\n\n", "trace": "  File \"C:\\Users\\max-v\\PycharmProjects\\ProjectTest\\pythonProject\\.venv\\Lib\\site-packages\\allure_commons\\_allure.py\", line 192, in impl\n    return func(*a, **kw)\n           ^^^^^^^^^^^^^^\n  File \"C:\\Users\\max-v\\PycharmProjects\\ProjectTest\\Diplom_3\\page_objects\\home_page.py\", line 26, in tap_on_ingredient\n    self.click_on_element(home_locators.BUN)\n  File \"C:\\Users\\max-v\\PycharmProjects\\ProjectTest\\pythonProject\\.venv\\Lib\\site-packages\\allure_commons\\_allure.py\", line 192, in impl\n    return func(*a, **kw)\n           ^^^^^^^^^^^^^^\n  File \"C:\\Users\\max-v\\PycharmProjects\\ProjectTest\\Diplom_3\\page_objects\\base_page.py\", line 26, in click_on_element\n    self.find_element(locator).click()\n  File \"C:\\Users\\max-v\\PycharmProjects\\ProjectTest\\pythonProject\\.venv\\Lib\\site-packages\\selenium\\webdriver\\remote\\webelement.py\", line 94, in click\n    self._execute(Command.CLICK_ELEMENT)\n  File \"C:\\Users\\max-v\\PycharmProjects\\ProjectTest\\pythonProject\\.venv\\Lib\\site-packages\\selenium\\webdriver\\remote\\webelement.py\", line 395, in _execute\n    return self._parent.execute(command, params)\n           ^^^^^^^^^^^^^^^^^^^^^^^^^^^^^^^^^^^^^\n  File \"C:\\Users\\max-v\\PycharmProjects\\ProjectTest\\pythonProject\\.venv\\Lib\\site-packages\\selenium\\webdriver\\remote\\webdriver.py\", line 347, in execute\n    self.error_handler.check_response(response)\n  File \"C:\\Users\\max-v\\PycharmProjects\\ProjectTest\\pythonProject\\.venv\\Lib\\site-packages\\selenium\\webdriver\\remote\\errorhandler.py\", line 229, in check_response\n    raise exception_class(message, screen, stacktrace)\n"}, "steps": [{"name": "Нажимаем на элемент", "status": "broken", "statusDetails": {"message": "selenium.common.exceptions.ElementClickInterceptedException: Message: element click intercepted: Element <p class=\"BurgerIngredient_ingredient__text__yp3dH\">...</p> is not clickable at point (140, 396). Other element would receive the click: <img src=\"https://code.s3.yandex.net/react/code/bun-01.png\" alt=\"Флюоресцентная булка R2-D3\" class=\"BurgerIngredient_ingredient__image__3e-07 ml-4 mr-4\">\n  (Session info: chrome=130.0.6723.58)\nStacktrace:\n\tGetHandleVerifier [0x00007FF6A4DFE1F5+2972373]\n\t(No symbol) [0x00007FF6A4A955F0]\n\t(No symbol) [0x00007FF6A49357FA]\n\t(No symbol) [0x00007FF6A498D6CE]\n\t(No symbol) [0x00007FF6A498B16C]\n\t(No symbol) [0x00007FF6A4988628]\n\t(No symbol) [0x00007FF6A498783C]\n\t(No symbol) [0x00007FF6A497992E]\n\t(No symbol) [0x00007FF6A49ABA7A]\n\t(No symbol) [0x00007FF6A4979266]\n\t(No symbol) [0x00007FF6A49ABC90]\n\t(No symbol) [0x00007FF6A49CB8CC]\n\t(No symbol) [0x00007FF6A49AB823]\n\t(No symbol) [0x00007FF6A49775E8]\n\t(No symbol) [0x00007FF6A4978751]\n\tGetHandleVerifier [0x00007FF6A4E247BD+3129501]\n\tGetHandleVerifier [0x00007FF6A4E74D00+3458528]\n\tGetHandleVerifier [0x00007FF6A4E6B05D+3418429]\n\tGetHandleVerifier [0x00007FF6A4BF687B+844123]\n\t(No symbol) [0x00007FF6A4AA0AFF]\n\t(No symbol) [0x00007FF6A4A9C6D4]\n\t(No symbol) [0x00007FF6A4A9C86D]\n\t(No symbol) [0x00007FF6A4A8BD79]\n\tBaseThreadInitThunk [0x00007FFB53117374+20]\n\tRtlUserThreadStart [0x00007FFB5361CC91+33]\n\n", "trace": "  File \"C:\\Users\\max-v\\PycharmProjects\\ProjectTest\\pythonProject\\.venv\\Lib\\site-packages\\allure_commons\\_allure.py\", line 192, in impl\n    return func(*a, **kw)\n           ^^^^^^^^^^^^^^\n  File \"C:\\Users\\max-v\\PycharmProjects\\ProjectTest\\Diplom_3\\page_objects\\base_page.py\", line 26, in click_on_element\n    self.find_element(locator).click()\n  File \"C:\\Users\\max-v\\PycharmProjects\\ProjectTest\\pythonProject\\.venv\\Lib\\site-packages\\selenium\\webdriver\\remote\\webelement.py\", line 94, in click\n    self._execute(Command.CLICK_ELEMENT)\n  File \"C:\\Users\\max-v\\PycharmProjects\\ProjectTest\\pythonProject\\.venv\\Lib\\site-packages\\selenium\\webdriver\\remote\\webelement.py\", line 395, in _execute\n    return self._parent.execute(command, params)\n           ^^^^^^^^^^^^^^^^^^^^^^^^^^^^^^^^^^^^^\n  File \"C:\\Users\\max-v\\PycharmProjects\\ProjectTest\\pythonProject\\.venv\\Lib\\site-packages\\selenium\\webdriver\\remote\\webdriver.py\", line 347, in execute\n    self.error_handler.check_response(response)\n  File \"C:\\Users\\max-v\\PycharmProjects\\ProjectTest\\pythonProject\\.venv\\Lib\\site-packages\\selenium\\webdriver\\remote\\errorhandler.py\", line 229, in check_response\n    raise exception_class(message, screen, stacktrace)\n"}, "steps": [{"name": "Ищем элемент", "status": "passed", "parameters": [{"name": "locator", "value": "('xpath', \"//p[text()='Флюоресцентная булка R2-D3']\")"}], "start": 1729187774013, "stop": 1729187774021}], "parameters": [{"name": "locator", "value": "('xpath', \"//p[text()='Флюоресцентная булка R2-D3']\")"}], "start": 1729187774013, "stop": 1729187775065}], "start": 1729187774013, "stop": 1729187775072}], "parameters": [{"name": "driver", "value": "'chrome'"}], "start": 1729187774013, "stop": 1729187775074, "uuid": "7b213325-2d5a-4033-84b3-98dd43eb6b08", "historyId": "9c58c137eff656086a96d8dcacf80d7c", "testCaseId": "85fd324fedf0a5590579d41ef44c1432", "fullName": "tests.home_test.TestHomePage#test_tap_on_close_btn_on_modal", "labels": [{"name": "parentSuite", "value": "tests"}, {"name": "suite", "value": "home_test"}, {"name": "subSuite", "value": "TestHomePage"}, {"name": "host", "value": "DESKTOP-2V6LHVH"}, {"name": "thread", "value": "13736-MainThread"}, {"name": "framework", "value": "pytest"}, {"name": "language", "value": "cpython3"}, {"name": "package", "value": "tests.home_test"}]}